# JRE version: Java(TM) SE Runtime Environment (8.0_45-b15) (build 1.8.0_45-b15)
# Java VM: Java HotSpot(TM) 64-Bit Server VM (25.45-b02 mixed mode windows-amd64 compressed oops)
Heap:
 PSYoungGen      total 200192K, used 187756K [0x00000000eb700000, 0x00000000f8d00000, 0x0000000100000000)
  eden space 189440K, 99% used [0x00000000eb700000,0x00000000f6e5b3c0,0x00000000f7000000)
  from space 10752K, 0% used [0x00000000f7d00000,0x00000000f7d00000,0x00000000f8780000)
  to   space 13312K, 0% used [0x00000000f7000000,0x00000000f7000000,0x00000000f7d00000)
 ParOldGen       total 75776K, used 28376K [0x00000000c2400000, 0x00000000c6e00000, 0x00000000eb700000)
  object space 75776K, 37% used [0x00000000c2400000,0x00000000c3fb6310,0x00000000c6e00000)
 Metaspace       used 41982K, capacity 42509K, committed 42752K, reserved 1087488K
  class space    used 5413K, capacity 5586K, committed 5632K, reserved 1048576K
GC Heap History (10 events):
Event: 15.204 GC heap before
{Heap before GC invocations=10 (full 1):
 PSYoungGen      total 136192K, used 126976K [0x00000000eb700000, 0x00000000f4500000, 0x0000000100000000)
  eden space 126976K, 100% used [0x00000000eb700000,0x00000000f3300000,0x00000000f3300000)
  from space 9216K, 0% used [0x00000000f3c00000,0x00000000f3c00000,0x00000000f4500000)
  to   space 9216K, 0% used [0x00000000f3300000,0x00000000f3300000,0x00000000f3c00000)
 ParOldGen       total 51712K, used 19985K [0x00000000c2400000, 0x00000000c5680000, 0x00000000eb700000)
  object space 51712K, 38% used [0x00000000c2400000,0x00000000c3784628,0x00000000c5680000)
 Metaspace       used 24219K, capacity 24524K, committed 24832K, reserved 1071104K
  class space    used 3259K, capacity 3321K, committed 3328K, reserved 1048576K
Event: 15.244 GC heap after
Heap after GC invocations=10 (full 1):
 PSYoungGen      total 136192K, used 5300K [0x00000000eb700000, 0x00000000f6500000, 0x0000000100000000)
  eden space 126976K, 0% used [0x00000000eb700000,0x00000000eb700000,0x00000000f3300000)
  from space 9216K, 57% used [0x00000000f3300000,0x00000000f382d188,0x00000000f3c00000)
  to   space 9216K, 0% used [0x00000000f5c00000,0x00000000f5c00000,0x00000000f6500000)
 ParOldGen       total 51712K, used 19993K [0x00000000c2400000, 0x00000000c5680000, 0x00000000eb700000)
  object space 51712K, 38% used [0x00000000c2400000,0x00000000c3786628,0x00000000c5680000)
 Metaspace       used 24219K, capacity 24524K, committed 24832K, reserved 1071104K
  class space    used 3259K, capacity 3321K, committed 3328K, reserved 1048576K
}
Event: 21.903 GC heap before
{Heap before GC invocations=11 (full 1):
 PSYoungGen      total 136192K, used 132276K [0x00000000eb700000, 0x00000000f6500000, 0x0000000100000000)
  eden space 126976K, 100% used [0x00000000eb700000,0x00000000f3300000,0x00000000f3300000)
  from space 9216K, 57% used [0x00000000f3300000,0x00000000f382d188,0x00000000f3c00000)
  to   space 9216K, 0% used [0x00000000f5c00000,0x00000000f5c00000,0x00000000f6500000)
 ParOldGen       total 51712K, used 19993K [0x00000000c2400000, 0x00000000c5680000, 0x00000000eb700000)
  object space 51712K, 38% used [0x00000000c2400000,0x00000000c3786628,0x00000000c5680000)
 Metaspace       used 28148K, capacity 28359K, committed 28672K, reserved 1075200K
  class space    used 3704K, capacity 3755K, committed 3840K, reserved 1048576K
Event: 21.934 GC heap after
Heap after GC invocations=11 (full 1):
 PSYoungGen      total 164864K, used 8038K [0x00000000eb700000, 0x00000000f6400000, 0x0000000100000000)
  eden space 156672K, 0% used [0x00000000eb700000,0x00000000eb700000,0x00000000f5000000)
  from space 8192K, 98% used [0x00000000f5c00000,0x00000000f63d9b80,0x00000000f6400000)
  to   space 9728K, 0% used [0x00000000f5100000,0x00000000f5100000,0x00000000f5a80000)
 ParOldGen       total 51712K, used 20001K [0x00000000c2400000, 0x00000000c5680000, 0x00000000eb700000)
  object space 51712K, 38% used [0x00000000c2400000,0x00000000c3788628,0x00000000c5680000)
 Metaspace       used 28148K, capacity 28359K, committed 28672K, reserved 1075200K
  class space    used 3704K, capacity 3755K, committed 3840K, reserved 1048576K
}
Event: 26.061 GC heap before
{Heap before GC invocations=12 (full 1):
 PSYoungGen      total 164864K, used 164710K [0x00000000eb700000, 0x00000000f6400000, 0x0000000100000000)
  eden space 156672K, 100% used [0x00000000eb700000,0x00000000f5000000,0x00000000f5000000)
  from space 8192K, 98% used [0x00000000f5c00000,0x00000000f63d9b80,0x00000000f6400000)
  to   space 9728K, 0% used [0x00000000f5100000,0x00000000f5100000,0x00000000f5a80000)
 ParOldGen       total 51712K, used 20001K [0x00000000c2400000, 0x00000000c5680000, 0x00000000eb700000)
  object space 51712K, 38% used [0x00000000c2400000,0x00000000c3788628,0x00000000c5680000)
 Metaspace       used 29015K, capacity 29421K, committed 29568K, reserved 1075200K
  class space    used 3806K, capacity 3884K, committed 3968K, reserved 1048576K
Event: 26.096 GC heap after
Heap after GC invocations=12 (full 1):
 PSYoungGen      total 167424K, used 9100K [0x00000000eb700000, 0x00000000f8780000, 0x0000000100000000)
  eden space 157696K, 0% used [0x00000000eb700000,0x00000000eb700000,0x00000000f5100000)
  from space 9728K, 93% used [0x00000000f5100000,0x00000000f59e31f8,0x00000000f5a80000)
  to   space 10752K, 0% used [0x00000000f7d00000,0x00000000f7d00000,0x00000000f8780000)
 ParOldGen       total 51712K, used 20009K [0x00000000c2400000, 0x00000000c5680000, 0x00000000eb700000)
  object space 51712K, 38% used [0x00000000c2400000,0x00000000c378a628,0x00000000c5680000)
 Metaspace       used 29015K, capacity 29421K, committed 29568K, reserved 1075200K
  class space    used 3806K, capacity 3884K, committed 3968K, reserved 1048576K
}
Event: 29.921 GC heap before
{Heap before GC invocations=13 (full 1):
 PSYoungGen      total 167424K, used 162468K [0x00000000eb700000, 0x00000000f8780000, 0x0000000100000000)
  eden space 157696K, 97% used [0x00000000eb700000,0x00000000f4cc5f10,0x00000000f5100000)
  from space 9728K, 93% used [0x00000000f5100000,0x00000000f59e31f8,0x00000000f5a80000)
  to   space 10752K, 0% used [0x00000000f7d00000,0x00000000f7d00000,0x00000000f8780000)
 ParOldGen       total 51712K, used 20009K [0x00000000c2400000, 0x00000000c5680000, 0x00000000eb700000)
  object space 51712K, 38% used [0x00000000c2400000,0x00000000c378a628,0x00000000c5680000)
 Metaspace       used 34918K, capacity 35363K, committed 35456K, reserved 1079296K
  class space    used 4607K, capacity 4704K, committed 4736K, reserved 1048576K
Event: 29.954 GC heap after
Heap after GC invocations=13 (full 1):
 PSYoungGen      total 200192K, used 10732K [0x00000000eb700000, 0x00000000f8d00000, 0x0000000100000000)
  eden space 189440K, 0% used [0x00000000eb700000,0x00000000eb700000,0x00000000f7000000)
  from space 10752K, 99% used [0x00000000f7d00000,0x00000000f877b1f8,0x00000000f8780000)
  to   space 13312K, 0% used [0x00000000f7000000,0x00000000f7000000,0x00000000f7d00000)
 ParOldGen       total 51712K, used 24473K [0x00000000c2400000, 0x00000000c5680000, 0x00000000eb700000)
  object space 51712K, 47% used [0x00000000c2400000,0x00000000c3be6570,0x00000000c5680000)
 Metaspace       used 34918K, capacity 35363K, committed 35456K, reserved 1079296K
  class space    used 4607K, capacity 4704K, committed 4736K, reserved 1048576K
}
Event: 29.954 GC heap before
{Heap before GC invocations=14 (full 2):
 PSYoungGen      total 200192K, used 10732K [0x00000000eb700000, 0x00000000f8d00000, 0x0000000100000000)
  eden space 189440K, 0% used [0x00000000eb700000,0x00000000eb700000,0x00000000f7000000)
  from space 10752K, 99% used [0x00000000f7d00000,0x00000000f877b1f8,0x00000000f8780000)
  to   space 13312K, 0% used [0x00000000f7000000,0x00000000f7000000,0x00000000f7d00000)
 ParOldGen       total 51712K, used 24473K [0x00000000c2400000, 0x00000000c5680000, 0x00000000eb700000)
  object space 51712K, 47% used [0x00000000c2400000,0x00000000c3be6570,0x00000000c5680000)
 Metaspace       used 34918K, capacity 35363K, committed 35456K, reserved 1079296K
  class space    used 4607K, capacity 4704K, committed 4736K, reserved 1048576K
Event: 30.171 GC heap after
Heap after GC invocations=14 (full 2):
 PSYoungGen      total 200192K, used 0K [0x00000000eb700000, 0x00000000f8d00000, 0x0000000100000000)
  eden space 189440K, 0% used [0x00000000eb700000,0x00000000eb700000,0x00000000f7000000)
  from space 10752K, 0% used [0x00000000f7d00000,0x00000000f7d00000,0x00000000f8780000)
  to   space 13312K, 0% used [0x00000000f7000000,0x00000000f7000000,0x00000000f7d00000)
 ParOldGen       total 75776K, used 28376K [0x00000000c2400000, 0x00000000c6e00000, 0x00000000eb700000)
  object space 75776K, 37% used [0x00000000c2400000,0x00000000c3fb6310,0x00000000c6e00000)
 Metaspace       used 34918K, capacity 35363K, committed 35456K, reserved 1079296K
  class space    used 4607K, capacity 4704K, committed 4736K, reserved 1048576K
}

