# JRE version: Java(TM) SE Runtime Environment (8.0_45-b15) (build 1.8.0_45-b15)
# Java VM: Java HotSpot(TM) 64-Bit Server VM (25.45-b02 mixed mode windows-amd64 compressed oops)
Heap:
 PSYoungGen      total 290304K, used 40512K [0x00000000eb700000, 0x00000000fe280000, 0x0000000100000000)
  eden space 279040K, 11% used [0x00000000eb700000,0x00000000ed6d9790,0x00000000fc780000)
  from space 11264K, 70% used [0x00000000fd780000,0x00000000fdf36928,0x00000000fe280000)
  to   space 13824K, 0% used [0x00000000fc780000,0x00000000fc780000,0x00000000fd500000)
 ParOldGen       total 58880K, used 24573K [0x00000000c2400000, 0x00000000c5d80000, 0x00000000eb700000)
  object space 58880K, 41% used [0x00000000c2400000,0x00000000c3bff610,0x00000000c5d80000)
 Metaspace       used 42233K, capacity 42755K, committed 43008K, reserved 1087488K
  class space    used 5441K, capacity 5623K, committed 5632K, reserved 1048576K
GC Heap History (10 events):
Event: 20.259 GC heap before
{Heap before GC invocations=12 (full 1):
 PSYoungGen      total 162816K, used 162179K [0x00000000eb700000, 0x00000000f6080000, 0x0000000100000000)
  eden space 154112K, 100% used [0x00000000eb700000,0x00000000f4d80000,0x00000000f4d80000)
  from space 8704K, 92% used [0x00000000f5800000,0x00000000f5fe0db0,0x00000000f6080000)
  to   space 9728K, 0% used [0x00000000f4d80000,0x00000000f4d80000,0x00000000f5700000)
 ParOldGen       total 51712K, used 19566K [0x00000000c2400000, 0x00000000c5680000, 0x00000000eb700000)
  object space 51712K, 37% used [0x00000000c2400000,0x00000000c371bab0,0x00000000c5680000)
 Metaspace       used 28868K, capacity 29233K, committed 29568K, reserved 1075200K
  class space    used 3782K, capacity 3884K, committed 3968K, reserved 1048576K
Event: 20.279 GC heap after
Heap after GC invocations=12 (full 1):
 PSYoungGen      total 163840K, used 9084K [0x00000000eb700000, 0x00000000f8100000, 0x0000000100000000)
  eden space 154112K, 0% used [0x00000000eb700000,0x00000000eb700000,0x00000000f4d80000)
  from space 9728K, 93% used [0x00000000f4d80000,0x00000000f565f1e8,0x00000000f5700000)
  to   space 10752K, 0% used [0x00000000f7680000,0x00000000f7680000,0x00000000f8100000)
 ParOldGen       total 51712K, used 19574K [0x00000000c2400000, 0x00000000c5680000, 0x00000000eb700000)
  object space 51712K, 37% used [0x00000000c2400000,0x00000000c371dab0,0x00000000c5680000)
 Metaspace       used 28868K, capacity 29233K, committed 29568K, reserved 1075200K
  class space    used 3782K, capacity 3884K, committed 3968K, reserved 1048576K
}
Event: 23.464 GC heap before
{Heap before GC invocations=13 (full 1):
 PSYoungGen      total 163840K, used 163196K [0x00000000eb700000, 0x00000000f8100000, 0x0000000100000000)
  eden space 154112K, 100% used [0x00000000eb700000,0x00000000f4d80000,0x00000000f4d80000)
  from space 9728K, 93% used [0x00000000f4d80000,0x00000000f565f1e8,0x00000000f5700000)
  to   space 10752K, 0% used [0x00000000f7680000,0x00000000f7680000,0x00000000f8100000)
 ParOldGen       total 51712K, used 19574K [0x00000000c2400000, 0x00000000c5680000, 0x00000000eb700000)
  object space 51712K, 37% used [0x00000000c2400000,0x00000000c371dab0,0x00000000c5680000)
 Metaspace       used 34940K, capacity 35367K, committed 35456K, reserved 1079296K
  class space    used 4606K, capacity 4704K, committed 4736K, reserved 1048576K
Event: 23.496 GC heap after
Heap after GC invocations=13 (full 1):
 PSYoungGen      total 193536K, used 10737K [0x00000000eb700000, 0x00000000f8580000, 0x0000000100000000)
  eden space 182784K, 0% used [0x00000000eb700000,0x00000000eb700000,0x00000000f6980000)
  from space 10752K, 99% used [0x00000000f7680000,0x00000000f80fc660,0x00000000f8100000)
  to   space 13312K, 0% used [0x00000000f6980000,0x00000000f6980000,0x00000000f7680000)
 ParOldGen       total 51712K, used 24101K [0x00000000c2400000, 0x00000000c5680000, 0x00000000eb700000)
  object space 51712K, 46% used [0x00000000c2400000,0x00000000c3b89718,0x00000000c5680000)
 Metaspace       used 34940K, capacity 35367K, committed 35456K, reserved 1079296K
  class space    used 4606K, capacity 4704K, committed 4736K, reserved 1048576K
}
Event: 23.508 GC heap before
{Heap before GC invocations=14 (full 1):
 PSYoungGen      total 193536K, used 14350K [0x00000000eb700000, 0x00000000f8580000, 0x0000000100000000)
  eden space 182784K, 1% used [0x00000000eb700000,0x00000000eba87410,0x00000000f6980000)
  from space 10752K, 99% used [0x00000000f7680000,0x00000000f80fc660,0x00000000f8100000)
  to   space 13312K, 0% used [0x00000000f6980000,0x00000000f6980000,0x00000000f7680000)
 ParOldGen       total 51712K, used 24101K [0x00000000c2400000, 0x00000000c5680000, 0x00000000eb700000)
  object space 51712K, 46% used [0x00000000c2400000,0x00000000c3b89718,0x00000000c5680000)
 Metaspace       used 34967K, capacity 35367K, committed 35456K, reserved 1079296K
  class space    used 4608K, capacity 4704K, committed 4736K, reserved 1048576K
Event: 23.531 GC heap after
Heap after GC invocations=14 (full 1):
 PSYoungGen      total 196096K, used 10812K [0x00000000eb700000, 0x00000000fe580000, 0x0000000100000000)
  eden space 182784K, 0% used [0x00000000eb700000,0x00000000eb700000,0x00000000f6980000)
  from space 13312K, 81% used [0x00000000f6980000,0x00000000f740f1e8,0x00000000f7680000)
  to   space 14336K, 0% used [0x00000000fd780000,0x00000000fd780000,0x00000000fe580000)
 ParOldGen       total 51712K, used 24109K [0x00000000c2400000, 0x00000000c5680000, 0x00000000eb700000)
  object space 51712K, 46% used [0x00000000c2400000,0x00000000c3b8b718,0x00000000c5680000)
 Metaspace       used 34967K, capacity 35367K, committed 35456K, reserved 1079296K
  class space    used 4608K, capacity 4704K, committed 4736K, reserved 1048576K
}
Event: 23.531 GC heap before
{Heap before GC invocations=15 (full 2):
 PSYoungGen      total 196096K, used 10812K [0x00000000eb700000, 0x00000000fe580000, 0x0000000100000000)
  eden space 182784K, 0% used [0x00000000eb700000,0x00000000eb700000,0x00000000f6980000)
  from space 13312K, 81% used [0x00000000f6980000,0x00000000f740f1e8,0x00000000f7680000)
  to   space 14336K, 0% used [0x00000000fd780000,0x00000000fd780000,0x00000000fe580000)
 ParOldGen       total 51712K, used 24109K [0x00000000c2400000, 0x00000000c5680000, 0x00000000eb700000)
  object space 51712K, 46% used [0x00000000c2400000,0x00000000c3b8b718,0x00000000c5680000)
 Metaspace       used 34967K, capacity 35367K, committed 35456K, reserved 1079296K
  class space    used 4608K, capacity 4704K, committed 4736K, reserved 1048576K
Event: 23.733 GC heap after
Heap after GC invocations=15 (full 2):
 PSYoungGen      total 196096K, used 0K [0x00000000eb700000, 0x00000000fe580000, 0x0000000100000000)
  eden space 182784K, 0% used [0x00000000eb700000,0x00000000eb700000,0x00000000f6980000)
  from space 13312K, 0% used [0x00000000f6980000,0x00000000f6980000,0x00000000f7680000)
  to   space 14336K, 0% used [0x00000000fd780000,0x00000000fd780000,0x00000000fe580000)
 ParOldGen       total 58880K, used 24565K [0x00000000c2400000, 0x00000000c5d80000, 0x00000000eb700000)
  object space 58880K, 41% used [0x00000000c2400000,0x00000000c3bfd610,0x00000000c5d80000)
 Metaspace       used 34967K, capacity 35367K, committed 35456K, reserved 1079296K
  class space    used 4608K, capacity 4704K, committed 4736K, reserved 1048576K
}
Event: 30.561 GC heap before
{Heap before GC invocations=16 (full 2):
 PSYoungGen      total 196096K, used 182784K [0x00000000eb700000, 0x00000000fe580000, 0x0000000100000000)
  eden space 182784K, 100% used [0x00000000eb700000,0x00000000f6980000,0x00000000f6980000)
  from space 13312K, 0% used [0x00000000f6980000,0x00000000f6980000,0x00000000f7680000)
  to   space 14336K, 0% used [0x00000000fd780000,0x00000000fd780000,0x00000000fe580000)
 ParOldGen       total 58880K, used 24565K [0x00000000c2400000, 0x00000000c5d80000, 0x00000000eb700000)
  object space 58880K, 41% used [0x00000000c2400000,0x00000000c3bfd610,0x00000000c5d80000)
 Metaspace       used 41667K, capacity 42181K, committed 42496K, reserved 1085440K
  class space    used 5388K, capacity 5584K, committed 5632K, reserved 1048576K
Event: 30.587 GC heap after
Heap after GC invocations=16 (full 2):
 PSYoungGen      total 290304K, used 7898K [0x00000000eb700000, 0x00000000fe280000, 0x0000000100000000)
  eden space 279040K, 0% used [0x00000000eb700000,0x00000000eb700000,0x00000000fc780000)
  from space 11264K, 70% used [0x00000000fd780000,0x00000000fdf36928,0x00000000fe280000)
  to   space 13824K, 0% used [0x00000000fc780000,0x00000000fc780000,0x00000000fd500000)
 ParOldGen       total 58880K, used 24573K [0x00000000c2400000, 0x00000000c5d80000, 0x00000000eb700000)
  object space 58880K, 41% used [0x00000000c2400000,0x00000000c3bff610,0x00000000c5d80000)
 Metaspace       used 41667K, capacity 42181K, committed 42496K, reserved 1085440K
  class space    used 5388K, capacity 5584K, committed 5632K, reserved 1048576K
}

